2026-04-15 22:22:45,817 [INFO] ======================================================================
2026-04-15 22:22:45,817 [INFO] MASTER THESIS PIPELINE - Causal XAI for Investment Decisions
2026-04-15 22:22:45,817 [INFO] DAX 40 | Daily | 3-month train / 1-month test | Buy/Hold/Sell
2026-04-15 22:22:45,817 [INFO] ======================================================================
2026-04-15 22:22:46,620 [INFO] 
============================================================
2026-04-15 22:22:46,620 [INFO] >>> STEP 1: Data Download
2026-04-15 22:22:46,620 [INFO] ============================================================
2026-04-15 22:22:47,406 [INFO] ============================================================
2026-04-15 22:22:47,406 [INFO] STEP 1: DATA DOWNLOAD
2026-04-15 22:22:47,406 [INFO] ============================================================
2026-04-15 22:23:18,036 [ERROR] 
1 Failed download:
2026-04-15 22:23:18,037 [ERROR] ['ADS.DE']: TypeError("'NoneType' object is not subscriptable")
2026-04-15 22:23:18,046 [WARNING] ADS.DE: insufficient data (0 rows), skipping
2026-04-15 22:23:48,061 [ERROR] 
1 Failed download:
2026-04-15 22:23:48,061 [ERROR] ['AIR.DE']: TypeError("'NoneType' object is not subscriptable")
2026-04-15 22:23:48,066 [WARNING] AIR.DE: insufficient data (0 rows), skipping
2026-04-15 22:24:18,078 [ERROR] 
1 Failed download:
2026-04-15 22:24:18,078 [ERROR] ['ALV.DE']: TypeError("'NoneType' object is not subscriptable")
2026-04-15 22:24:18,080 [WARNING] ALV.DE: insufficient data (0 rows), skipping
2026-04-15 22:32:15,676 [INFO] ======================================================================
2026-04-15 22:32:15,676 [INFO] MASTER THESIS PIPELINE - Causal XAI for Investment Decisions
2026-04-15 22:32:15,676 [INFO] DAX 40 | Daily | 3-month train / 1-month test | Buy/Hold/Sell
2026-04-15 22:32:15,676 [INFO] ======================================================================
2026-04-15 22:32:16,608 [INFO] 
============================================================
2026-04-15 22:32:16,608 [INFO] >>> STEP 1: Data Download
2026-04-15 22:32:16,608 [INFO] ============================================================
2026-04-15 22:32:16,791 [INFO] ============================================================
2026-04-15 22:32:16,791 [INFO] STEP 1: DATA DOWNLOAD
2026-04-15 22:32:16,791 [INFO] ============================================================
2026-04-15 22:32:35,438 [INFO] ADS.DE: 198 rows downloaded
2026-04-15 22:32:38,635 [INFO] AIR.DE: 198 rows downloaded
2026-04-15 22:32:42,527 [INFO] ALV.DE: 198 rows downloaded
2026-04-15 22:32:48,161 [INFO] BAS.DE: 198 rows downloaded
2026-04-15 22:32:58,170 [ERROR] 
1 Failed download:
2026-04-15 22:32:58,170 [ERROR] ['BAYN.DE']: TypeError("'NoneType' object is not subscriptable")
2026-04-15 22:32:58,174 [WARNING] BAYN.DE: insufficient data (0 rows), skipping
2026-04-15 22:33:04,749 [INFO] BEI.DE: 198 rows downloaded
2026-04-15 22:33:14,758 [ERROR] 
1 Failed download:
2026-04-15 22:33:14,758 [ERROR] ['BMW.DE']: TypeError("'NoneType' object is not subscriptable")
2026-04-15 22:33:14,762 [WARNING] BMW.DE: insufficient data (0 rows), skipping
2026-04-15 22:33:19,086 [INFO] BNR.DE: 198 rows downloaded
2026-04-15 22:33:20,109 [INFO] CON.DE: 198 rows downloaded
2026-04-15 22:33:22,940 [ERROR] $1COV.DE: possibly delisted; no price data found  (1d 2025-07-01 -> 2026-04-14)
2026-04-15 22:33:22,942 [ERROR] 
1 Failed download:
2026-04-15 22:33:22,942 [ERROR] ['1COV.DE']: possibly delisted; no price data found  (1d 2025-07-01 -> 2026-04-14)
2026-04-15 22:33:22,943 [WARNING] 1COV.DE: insufficient data (0 rows), skipping
2026-04-15 22:33:27,198 [INFO] DB1.DE: 198 rows downloaded
2026-04-15 22:33:28,226 [INFO] DBK.DE: 198 rows downloaded
2026-04-15 22:33:28,967 [INFO] DHL.DE: 198 rows downloaded
2026-04-15 22:33:30,815 [INFO] DTE.DE: 198 rows downloaded
2026-04-15 22:33:31,740 [INFO] EOAN.DE: 198 rows downloaded
2026-04-15 22:33:33,413 [INFO] FRE.DE: 198 rows downloaded
2026-04-15 22:33:34,052 [INFO] HEI.DE: 198 rows downloaded
2026-04-15 22:33:34,744 [INFO] HEN3.DE: 198 rows downloaded
2026-04-15 22:33:35,448 [INFO] IFX.DE: 198 rows downloaded
2026-04-15 22:33:36,573 [INFO] LIN.DE: 198 rows downloaded
2026-04-15 22:33:37,369 [INFO] MBG.DE: 198 rows downloaded
2026-04-15 22:33:38,007 [INFO] MRK.DE: 198 rows downloaded
2026-04-15 22:33:38,645 [INFO] MTX.DE: 198 rows downloaded
2026-04-15 22:33:39,306 [INFO] MUV2.DE: 198 rows downloaded
2026-04-15 22:33:39,983 [INFO] P911.DE: 198 rows downloaded
2026-04-15 22:33:40,664 [INFO] PAH3.DE: 198 rows downloaded
2026-04-15 22:33:41,335 [ERROR] $QGEN.DE: possibly delisted; no price data found  (1d 2025-07-01 -> 2026-04-14)
2026-04-15 22:33:41,335 [ERROR] 
1 Failed download:
2026-04-15 22:33:41,336 [ERROR] ['QGEN.DE']: possibly delisted; no price data found  (1d 2025-07-01 -> 2026-04-14)
2026-04-15 22:33:41,337 [WARNING] QGEN.DE: insufficient data (0 rows), skipping
2026-04-15 22:33:42,090 [INFO] RWE.DE: 198 rows downloaded
2026-04-15 22:33:42,756 [INFO] SAP.DE: 198 rows downloaded
2026-04-15 22:33:43,467 [INFO] SHL.DE: 198 rows downloaded
2026-04-15 22:33:44,195 [INFO] SIE.DE: 198 rows downloaded
2026-04-15 22:33:44,813 [INFO] SRT.DE: 198 rows downloaded
2026-04-15 22:33:45,461 [INFO] SY1.DE: 198 rows downloaded
2026-04-15 22:33:48,105 [INFO] VNA.DE: 198 rows downloaded
2026-04-15 22:33:48,774 [INFO] VOW3.DE: 198 rows downloaded
2026-04-15 22:33:49,389 [INFO] ZAL.DE: 198 rows downloaded
2026-04-15 22:33:50,005 [INFO] RHM.DE: 198 rows downloaded
2026-04-15 22:33:50,632 [INFO] ENR.DE: 198 rows downloaded
2026-04-15 22:33:51,300 [INFO] DTG.DE: 198 rows downloaded
2026-04-15 22:33:52,025 [INFO] HNR1.DE: 198 rows downloaded
2026-04-15 22:33:52,025 [INFO] Stock download complete: 36 succeeded, 4 failed
2026-04-15 22:33:52,669 [INFO] VIX: 197 rows
2026-04-15 22:33:53,301 [INFO] EUR/USD: 203 rows
2026-04-15 22:33:53,305 [INFO] Macro data saved: 197 rows, columns=['vix', 'eur_usd']
2026-04-15 22:33:53,305 [INFO] <<< Step 1 completed in 96.7s
2026-04-15 22:33:53,305 [INFO] 
============================================================
2026-04-15 22:33:53,305 [INFO] >>> STEP 2: Feature Engineering
2026-04-15 22:33:53,305 [INFO] ============================================================
2026-04-15 22:33:53,314 [INFO] ============================================================
2026-04-15 22:33:53,314 [INFO] STEP 2: FEATURE ENGINEERING
2026-04-15 22:33:53,314 [INFO] ============================================================
2026-04-15 22:33:53,326 [INFO] ADS.DE: 198 feature rows
2026-04-15 22:33:53,331 [INFO] AIR.DE: 198 feature rows
2026-04-15 22:33:53,336 [INFO] ALV.DE: 198 feature rows
2026-04-15 22:33:53,340 [INFO] BAS.DE: 198 feature rows
2026-04-15 22:33:53,344 [INFO] BEI.DE: 198 feature rows
2026-04-15 22:33:53,347 [INFO] BNR.DE: 198 feature rows
2026-04-15 22:33:53,350 [INFO] CON.DE: 198 feature rows
2026-04-15 22:33:53,353 [INFO] DB1.DE: 198 feature rows
2026-04-15 22:33:53,356 [INFO] DBK.DE: 198 feature rows
2026-04-15 22:33:53,359 [INFO] DHL.DE: 198 feature rows
2026-04-15 22:33:53,362 [INFO] DTE.DE: 198 feature rows
2026-04-15 22:33:53,364 [INFO] EOAN.DE: 198 feature rows
2026-04-15 22:33:53,367 [INFO] FRE.DE: 198 feature rows
2026-04-15 22:33:53,370 [INFO] HEI.DE: 198 feature rows
2026-04-15 22:33:53,373 [INFO] HEN3.DE: 198 feature rows
2026-04-15 22:33:53,376 [INFO] IFX.DE: 198 feature rows
2026-04-15 22:33:53,379 [INFO] LIN.DE: 198 feature rows
2026-04-15 22:33:53,381 [INFO] MBG.DE: 198 feature rows
2026-04-15 22:33:53,384 [INFO] MRK.DE: 198 feature rows
2026-04-15 22:33:53,387 [INFO] MTX.DE: 198 feature rows
2026-04-15 22:33:53,390 [INFO] MUV2.DE: 198 feature rows
2026-04-15 22:33:53,393 [INFO] P911.DE: 198 feature rows
2026-04-15 22:33:53,396 [INFO] PAH3.DE: 198 feature rows
2026-04-15 22:33:53,400 [INFO] RWE.DE: 198 feature rows
2026-04-15 22:33:53,403 [INFO] SAP.DE: 198 feature rows
2026-04-15 22:33:53,406 [INFO] SHL.DE: 198 feature rows
2026-04-15 22:33:53,409 [INFO] SIE.DE: 198 feature rows
2026-04-15 22:33:53,412 [INFO] SRT.DE: 198 feature rows
2026-04-15 22:33:53,415 [INFO] SY1.DE: 198 feature rows
2026-04-15 22:33:53,418 [INFO] VNA.DE: 198 feature rows
2026-04-15 22:33:53,421 [INFO] VOW3.DE: 198 feature rows
2026-04-15 22:33:53,424 [INFO] ZAL.DE: 198 feature rows
2026-04-15 22:33:53,426 [INFO] RHM.DE: 198 feature rows
2026-04-15 22:33:53,429 [INFO] ENR.DE: 198 feature rows
2026-04-15 22:33:53,432 [INFO] DTG.DE: 198 feature rows
2026-04-15 22:33:53,435 [INFO] HNR1.DE: 198 feature rows
2026-04-15 22:33:53,435 [INFO] Feature engineering complete: 36 tickers
2026-04-15 22:33:53,435 [INFO] <<< Step 2 completed in 0.1s
2026-04-15 22:33:53,435 [INFO] 
============================================================
2026-04-15 22:33:53,435 [INFO] >>> STEP 3: Labeling
2026-04-15 22:33:53,435 [INFO] ============================================================
2026-04-15 22:33:53,438 [INFO] ============================================================
2026-04-15 22:33:53,438 [INFO] STEP 3: LABELING
2026-04-15 22:33:53,438 [INFO] ============================================================
2026-04-15 22:33:53,463 [INFO] Label thresholds: sell < -0.0201 < hold < 0.0207 < buy
2026-04-15 22:33:53,463 [INFO] Class distribution:
2026-04-15 22:33:53,463 [INFO]   Sell: 1880 (27.1%)
2026-04-15 22:33:53,463 [INFO]   Hold: 3132 (45.1%)
2026-04-15 22:33:53,463 [INFO]   Buy: 1936 (27.9%)
2026-04-15 22:33:53,491 [INFO] Labeled dataset: 6948 rows, 36 tickers
2026-04-15 22:33:53,492 [INFO] <<< Step 3 completed in 0.1s
2026-04-15 22:33:53,492 [INFO] 
============================================================
2026-04-15 22:33:53,492 [INFO] >>> STEP 4: Data Preparation
2026-04-15 22:33:53,492 [INFO] ============================================================
2026-04-15 22:33:55,856 [INFO] ============================================================
2026-04-15 22:33:55,857 [INFO] STEP 4: DATA PREPARATION
2026-04-15 22:33:55,857 [INFO] ============================================================
2026-04-15 22:33:55,857 [INFO] Missing values: 0 rows dropped of 6948 total
2026-04-15 22:33:55,857 [INFO] Outlier handling (winsorization at 1st/99th percentile):
2026-04-15 22:33:55,858 [INFO]   volatility: 140 values winsorized
2026-04-15 22:33:55,859 [INFO]   momentum: 125 values winsorized
2026-04-15 22:33:55,860 [INFO]   volume_avg: 139 values winsorized
2026-04-15 22:33:55,860 [INFO]   rsi_14: 130 values winsorized
2026-04-15 22:33:55,861 [INFO]   max_drawdown: 135 values winsorized
2026-04-15 22:33:55,862 [INFO]   vix: 72 values winsorized
2026-04-15 22:33:55,863 [INFO]   eur_usd: 72 values winsorized
2026-04-15 22:33:55,863 [INFO] Stationarity testing (ADF):
2026-04-15 22:33:55,934 [INFO] Stationarity report saved (7 features tested)
2026-04-15 22:33:55,934 [INFO] Multicollinearity check:
2026-04-15 22:33:55,935 [INFO]   No feature pairs with |correlation| > 0.85
2026-04-15 22:33:55,936 [INFO] Temporal split: train=2160 rows [2025-12-01 to 2026-02-28], test=756 rows [2026-03-05 to 2026-04-08]
2026-04-15 22:33:55,936 [INFO] Buffer gap: 5 trading days between train and test
2026-04-15 22:33:55,938 [INFO] StandardScaler fitted on 7 features, saved to models/scaler.pkl
2026-04-15 22:33:55,951 [INFO] Saved: train.csv (2160 rows), test.csv (756 rows)
2026-04-15 22:33:55,951 [INFO] <<< Step 4 completed in 2.5s
2026-04-15 22:33:55,951 [INFO] 
============================================================
2026-04-15 22:33:55,951 [INFO] >>> STEP 5: Baseline + SHAP
2026-04-15 22:33:55,951 [INFO] ============================================================
2026-04-15 22:33:57,690 [INFO] ============================================================
2026-04-15 22:33:57,690 [INFO] STEP 5: BASELINE MODEL + SHAP
2026-04-15 22:33:57,690 [INFO] ============================================================
2026-04-15 22:33:57,691 [INFO] Hyperparameter tuning...
2026-04-15 22:33:57,691 [INFO] Hyperparameter tuning: 108 combinations x 3-fold TimeSeriesSplit
2026-04-15 22:34:29,094 [INFO] Best params: {'iterations': 500, 'learning_rate': 0.05, 'depth': 6, 'l2_leaf_reg': 5, 'bagging_temperature': 1.0} (CV accuracy: 0.4589)
2026-04-15 22:34:29,095 [INFO] Training final model...
2026-04-15 22:34:29,158 [INFO] Model saved to models/catboost_best.cbm
2026-04-15 22:34:29,279 [INFO] Confusion matrix saved to results/plots/confusion_matrix.png
2026-04-15 22:34:29,283 [INFO] Test accuracy: 0.3717 | Cohen's Kappa: 0.0333 | MCC: 0.0715
2026-04-15 22:34:29,283 [INFO] Computing SHAP values...
2026-04-15 22:34:31,830 [INFO] SHAP values type=ndarray, shape=(756, 7, 3)
2026-04-15 22:34:31,961 [INFO] SHAP values computed and plots saved
2026-04-15 22:34:31,961 [INFO] <<< Step 5 completed in 36.0s
2026-04-15 22:34:31,961 [INFO] 
============================================================
2026-04-15 22:34:31,961 [INFO] >>> STEP 6: Causal Discovery
2026-04-15 22:34:31,961 [INFO] ============================================================
2026-04-15 22:34:33,173 [INFO] ============================================================
2026-04-15 22:34:33,174 [INFO] STEP 6: CAUSAL DISCOVERY
2026-04-15 22:34:33,174 [INFO] ============================================================
2026-04-15 22:34:33,174 [INFO] Running DirectLiNGAM with prior (b)...
2026-04-15 22:34:37,694 [INFO] DirectLiNGAM(b): 19 edges discovered
2026-04-15 22:34:37,694 [INFO] Running PC algorithm for cross-check...
2026-04-15 22:34:37,947 [INFO] PC algorithm: 11 edges discovered
2026-04-15 22:34:37,950 [INFO] Edge agreement: 6 agreed, 13 DirectLiNGAM-only, 5 PC-only (rate: 25.00%)
2026-04-15 22:34:37,950 [INFO] Running bootstrap stability analysis (30 runs)...
2026-04-15 22:34:38,867 [INFO] Bootstrap stability (30 runs): 13 stable edges (>=0.7), 24 unstable (<0.5)
2026-04-15 22:34:39,047 [INFO] Causal graph saved: causal_graph_directlingam.png (19 edges)
2026-04-15 22:34:39,047 [INFO] <<< Step 6 completed in 7.1s
2026-04-15 22:34:39,047 [INFO] 
============================================================
2026-04-15 22:34:39,047 [INFO] >>> STEP 7: LEWIS Scores
2026-04-15 22:34:39,047 [INFO] ============================================================
2026-04-15 22:34:39,065 [INFO] ============================================================
2026-04-15 22:34:39,065 [INFO] STEP 7: LEWIS SCORES (MULTI-CLASS EXTENSION)
2026-04-15 22:34:39,065 [INFO] ============================================================
2026-04-15 22:34:39,067 [INFO] Discretizing features into 10 bins...
2026-04-15 22:34:39,069 [INFO] Computing LEWIS scores WITH causal graph...
2026-04-15 22:35:05,990 [INFO] Causal LEWIS scores:
2026-04-15 22:35:05,990 [INFO]   momentum: maxNesuf=0.5972
2026-04-15 22:35:05,990 [INFO]   vix: maxNesuf=0.5761
2026-04-15 22:35:05,990 [INFO]   eur_usd: maxNesuf=0.5000
2026-04-15 22:35:05,990 [INFO]   volatility: maxNesuf=0.2671
2026-04-15 22:35:05,990 [INFO]   volume_avg: maxNesuf=0.1753
2026-04-15 22:35:05,990 [INFO]   max_drawdown: maxNesuf=0.1065
2026-04-15 22:35:05,990 [INFO]   rsi_14: maxNesuf=0.0915
2026-04-15 22:35:05,990 [INFO] Computing LEWIS scores WITHOUT causal graph (baseline)...
2026-04-15 22:35:06,434 [INFO] Reversal probability plot saved
2026-04-15 22:35:06,436 [INFO] <<< Step 7 completed in 27.4s
2026-04-15 22:35:06,436 [INFO] 
============================================================
2026-04-15 22:35:06,436 [INFO] >>> STEP 8: Evaluation
2026-04-15 22:35:06,436 [INFO] ============================================================
2026-04-15 22:35:06,452 [INFO] ============================================================
2026-04-15 22:35:06,452 [INFO] STEP 8: EVALUATION FRAMEWORK
2026-04-15 22:35:06,452 [INFO] ============================================================
2026-04-15 22:35:06,555 [INFO] AUC-ROC and AUC-PR plots saved
2026-04-15 22:35:06,556 [INFO] ML metrics: accuracy=0.3717, kappa=0.0333, F1_macro=0.2445
2026-04-15 22:35:06,557 [INFO] Counterfactual validity: 5/7 features have feasible counterfactuals
2026-04-15 22:35:06,559 [INFO] DAG evaluation: SPR=0.4643 (p=0.2939), MAE=0.1131
2026-04-15 22:35:06,559 [INFO] <<< Step 8 completed in 0.1s
2026-04-15 22:35:06,559 [INFO] 
============================================================
2026-04-15 22:35:06,559 [INFO] >>> STEP 9: Comparison
2026-04-15 22:35:06,559 [INFO] ============================================================
2026-04-15 22:35:06,563 [INFO] ============================================================
2026-04-15 22:35:06,563 [INFO] STEP 9: SHAP vs LEWIS COMPARISON
2026-04-15 22:35:06,563 [INFO] ============================================================
2026-04-15 22:35:06,565 [INFO] SHAP vs LEWIS Spearman rank correlation: 0.4643 (p=0.2939)
2026-04-15 22:35:06,566 [INFO] Found 3 significant SHAP/LEWIS disagreements
2026-04-15 22:35:06,624 [INFO] SHAP vs LEWIS comparison plot saved
2026-04-15 22:35:06,624 [INFO] <<< Step 9 completed in 0.1s
2026-04-15 22:35:06,624 [INFO] 
============================================================
2026-04-15 22:35:06,624 [INFO] >>> STEP 10: Governance Report
2026-04-15 22:35:06,624 [INFO] ============================================================
2026-04-15 22:35:06,630 [INFO] ============================================================
2026-04-15 22:35:06,630 [INFO] STEP 10: GOVERNANCE FRAMEWORK
2026-04-15 22:35:06,630 [INFO] ============================================================
2026-04-15 22:35:06,631 [INFO] Compliance report saved to results/reports/ (JSON + Markdown)
2026-04-15 22:35:06,631 [INFO] <<< Step 10 completed in 0.0s
2026-04-15 22:35:06,631 [INFO] 
======================================================================
2026-04-15 22:35:06,631 [INFO] PIPELINE COMPLETE - Total time: 171.0s (2.8 min)
2026-04-15 22:35:06,631 [INFO] ======================================================================
2026-04-15 23:00:20,207 [INFO] ======================================================================
2026-04-15 23:00:20,207 [INFO] MASTER THESIS PIPELINE - Causal XAI for Investment Decisions
2026-04-15 23:00:20,208 [INFO] DAX 40 | Daily | 3-month train / 1-month test | Buy/Hold/Sell
2026-04-15 23:00:20,208 [INFO] ======================================================================
2026-04-15 23:00:26,146 [INFO] 
============================================================
2026-04-15 23:00:26,146 [INFO] >>> STEP 1: Data Download
2026-04-15 23:00:26,146 [INFO] ============================================================
2026-04-15 23:00:26,823 [INFO] ============================================================
2026-04-15 23:00:26,823 [INFO] STEP 1: DATA DOWNLOAD (DAX 40 + S&P 500 Top 50)
2026-04-15 23:00:26,823 [INFO] ============================================================
2026-04-15 23:00:29,185 [INFO] ADS.DE: 198 rows downloaded
2026-04-15 23:00:29,850 [INFO] AIR.DE: 198 rows downloaded
2026-04-15 23:00:30,466 [INFO] ALV.DE: 198 rows downloaded
2026-04-15 23:00:31,293 [INFO] BAS.DE: 198 rows downloaded
2026-04-15 23:00:32,002 [INFO] BAYN.DE: 198 rows downloaded
2026-04-15 23:00:32,715 [INFO] BEI.DE: 198 rows downloaded
2026-04-15 23:00:33,403 [INFO] BMW.DE: 198 rows downloaded
2026-04-15 23:00:34,078 [INFO] BNR.DE: 198 rows downloaded
2026-04-15 23:00:35,688 [INFO] CON.DE: 198 rows downloaded
2026-04-15 23:00:36,297 [ERROR] $1COV.DE: possibly delisted; no price data found  (1d 2025-07-01 -> 2026-04-14)
2026-04-15 23:00:36,303 [ERROR] 
1 Failed download:
2026-04-15 23:00:36,303 [ERROR] ['1COV.DE']: possibly delisted; no price data found  (1d 2025-07-01 -> 2026-04-14)
2026-04-15 23:00:36,306 [WARNING] 1COV.DE: insufficient data (0 rows), skipping
2026-04-15 23:00:37,131 [INFO] DB1.DE: 198 rows downloaded
2026-04-15 23:00:37,850 [INFO] DBK.DE: 198 rows downloaded
2026-04-15 23:00:38,736 [INFO] DHL.DE: 198 rows downloaded
2026-04-15 23:00:39,399 [INFO] DTE.DE: 198 rows downloaded
2026-04-15 23:00:40,121 [INFO] EOAN.DE: 198 rows downloaded
2026-04-15 23:00:40,821 [INFO] FRE.DE: 198 rows downloaded
2026-04-15 23:00:41,518 [INFO] HEI.DE: 198 rows downloaded
2026-04-15 23:00:42,166 [INFO] HEN3.DE: 198 rows downloaded
2026-04-15 23:00:42,970 [INFO] IFX.DE: 198 rows downloaded
2026-04-15 23:00:43,573 [INFO] LIN.DE: 198 rows downloaded
2026-04-15 23:00:44,223 [INFO] MBG.DE: 198 rows downloaded
2026-04-15 23:00:44,832 [INFO] MRK.DE: 198 rows downloaded
2026-04-15 23:00:45,469 [INFO] MTX.DE: 198 rows downloaded
2026-04-15 23:00:46,168 [INFO] MUV2.DE: 198 rows downloaded
2026-04-15 23:00:46,747 [INFO] P911.DE: 198 rows downloaded
2026-04-15 23:00:49,089 [INFO] PAH3.DE: 198 rows downloaded
2026-04-15 23:00:49,894 [ERROR] $QGEN.DE: possibly delisted; no price data found  (1d 2025-07-01 -> 2026-04-14)
2026-04-15 23:00:49,906 [ERROR] 
1 Failed download:
2026-04-15 23:00:49,906 [ERROR] ['QGEN.DE']: possibly delisted; no price data found  (1d 2025-07-01 -> 2026-04-14)
2026-04-15 23:00:49,910 [WARNING] QGEN.DE: insufficient data (0 rows), skipping
2026-04-15 23:00:50,634 [INFO] RWE.DE: 198 rows downloaded
2026-04-15 23:00:52,722 [INFO] SAP.DE: 198 rows downloaded
2026-04-15 23:00:53,378 [INFO] SHL.DE: 198 rows downloaded
2026-04-15 23:00:54,322 [INFO] SIE.DE: 198 rows downloaded
2026-04-15 23:00:54,956 [INFO] SRT.DE: 198 rows downloaded
2026-04-15 23:00:55,887 [INFO] SY1.DE: 198 rows downloaded
2026-04-15 23:00:56,471 [INFO] VNA.DE: 198 rows downloaded
2026-04-15 23:00:57,165 [INFO] VOW3.DE: 198 rows downloaded
2026-04-15 23:00:57,913 [INFO] ZAL.DE: 198 rows downloaded
2026-04-15 23:00:58,585 [INFO] RHM.DE: 198 rows downloaded
2026-04-15 23:01:00,266 [INFO] ENR.DE: 198 rows downloaded
2026-04-15 23:01:01,222 [INFO] DTG.DE: 198 rows downloaded
2026-04-15 23:01:01,847 [INFO] HNR1.DE: 198 rows downloaded
2026-04-15 23:01:06,147 [INFO] AAPL: 197 rows downloaded
2026-04-15 23:01:07,076 [INFO] MSFT: 197 rows downloaded
2026-04-15 23:01:07,854 [INFO] AMZN: 197 rows downloaded
2026-04-15 23:01:08,717 [INFO] NVDA: 197 rows downloaded
2026-04-15 23:01:09,557 [INFO] GOOGL: 197 rows downloaded
2026-04-15 23:01:10,408 [INFO] META: 197 rows downloaded
2026-04-15 23:01:14,590 [INFO] BRK-B: 197 rows downloaded
2026-04-15 23:01:15,589 [INFO] LLY: 197 rows downloaded
2026-04-15 23:01:16,593 [INFO] AVGO: 197 rows downloaded
2026-04-15 23:01:17,500 [INFO] JPM: 197 rows downloaded
2026-04-15 23:01:18,359 [INFO] TSLA: 197 rows downloaded
2026-04-15 23:01:19,555 [INFO] UNH: 197 rows downloaded
2026-04-15 23:01:20,790 [INFO] XOM: 197 rows downloaded
2026-04-15 23:01:22,015 [INFO] V: 197 rows downloaded
2026-04-15 23:01:23,489 [INFO] PG: 197 rows downloaded
2026-04-15 23:01:24,398 [INFO] MA: 197 rows downloaded
2026-04-15 23:01:29,951 [INFO] JNJ: 197 rows downloaded
2026-04-15 23:01:39,964 [ERROR] Failed to get ticker 'COST' reason: Failed to perform, curl: (28) Connection timed out after 10002 milliseconds. See https://curl.se/libcurl/c/libcurl-errors.html first for more details.
2026-04-15 23:02:09,973 [ERROR] 
1 Failed download:
2026-04-15 23:02:09,974 [ERROR] ['COST']: Timeout('Failed to perform, curl: (28) Operation timed out after 30002 milliseconds with 0 bytes received. See https://curl.se/libcurl/c/libcurl-errors.html first for more details.')
2026-04-15 23:02:09,978 [WARNING] COST: insufficient data (0 rows), skipping
2026-04-15 23:02:19,984 [ERROR] Failed to get ticker 'HD' reason: Failed to perform, curl: (28) Connection timed out after 10002 milliseconds. See https://curl.se/libcurl/c/libcurl-errors.html first for more details.
2026-04-15 23:02:49,995 [ERROR] 
1 Failed download:
2026-04-15 23:02:49,997 [ERROR] ['HD']: Timeout('Failed to perform, curl: (28) Operation timed out after 30001 milliseconds with 0 bytes received. See https://curl.se/libcurl/c/libcurl-errors.html first for more details.')
2026-04-15 23:02:50,001 [WARNING] HD: insufficient data (0 rows), skipping
2026-04-15 23:03:00,006 [ERROR] Failed to get ticker 'MRK' reason: Failed to perform, curl: (28) Operation timed out after 10001 milliseconds with 0 bytes received. See https://curl.se/libcurl/c/libcurl-errors.html first for more details.
2026-04-15 23:03:00,007 [ERROR] $MRK: possibly delisted; no timezone found
2026-04-15 23:03:00,009 [ERROR] 
1 Failed download:
2026-04-15 23:03:00,009 [ERROR] ['MRK']: possibly delisted; no timezone found
2026-04-15 23:03:00,014 [WARNING] MRK: insufficient data (0 rows), skipping
2026-04-15 23:03:10,021 [ERROR] Failed to get ticker 'ABBV' reason: Failed to perform, curl: (28) Connection timed out after 10002 milliseconds. See https://curl.se/libcurl/c/libcurl-errors.html first for more details.
2026-04-15 23:03:10,023 [ERROR] $ABBV: possibly delisted; no timezone found
2026-04-15 23:03:10,024 [ERROR] 
1 Failed download:
2026-04-15 23:03:10,024 [ERROR] ['ABBV']: possibly delisted; no timezone found
2026-04-15 23:03:10,029 [WARNING] ABBV: insufficient data (0 rows), skipping
2026-04-15 23:03:20,033 [ERROR] Failed to get ticker 'WMT' reason: Failed to perform, curl: (28) Connection timed out after 10001 milliseconds. See https://curl.se/libcurl/c/libcurl-errors.html first for more details.
2026-04-15 23:03:20,034 [ERROR] $WMT: possibly delisted; no timezone found
2026-04-15 23:03:20,045 [ERROR] 
1 Failed download:
2026-04-15 23:03:20,045 [ERROR] ['WMT']: possibly delisted; no timezone found
2026-04-15 23:03:20,049 [WARNING] WMT: insufficient data (0 rows), skipping
2026-04-15 23:03:30,052 [ERROR] Failed to get ticker 'NFLX' reason: Failed to perform, curl: (28) Operation timed out after 10001 milliseconds with 0 bytes received. See https://curl.se/libcurl/c/libcurl-errors.html first for more details.
2026-04-15 23:03:30,052 [ERROR] $NFLX: possibly delisted; no timezone found
2026-04-15 23:03:30,063 [ERROR] 
1 Failed download:
2026-04-15 23:03:30,063 [ERROR] ['NFLX']: possibly delisted; no timezone found
2026-04-15 23:03:30,066 [WARNING] NFLX: insufficient data (0 rows), skipping
2026-04-15 23:03:40,071 [ERROR] Failed to get ticker 'CRM' reason: Failed to perform, curl: (28) Connection timed out after 10002 milliseconds. See https://curl.se/libcurl/c/libcurl-errors.html first for more details.
2026-04-15 23:03:40,071 [ERROR] $CRM: possibly delisted; no timezone found
2026-04-15 23:03:40,081 [ERROR] 
1 Failed download:
2026-04-15 23:03:40,081 [ERROR] ['CRM']: possibly delisted; no timezone found
2026-04-15 23:03:40,082 [WARNING] CRM: insufficient data (0 rows), skipping
2026-04-15 23:03:50,086 [ERROR] Failed to get ticker 'BAC' reason: Failed to perform, curl: (28) Connection timed out after 10002 milliseconds. See https://curl.se/libcurl/c/libcurl-errors.html first for more details.
2026-04-15 23:03:50,088 [ERROR] $BAC: possibly delisted; no timezone found
2026-04-15 23:03:50,089 [ERROR] 
1 Failed download:
2026-04-15 23:03:50,090 [ERROR] ['BAC']: possibly delisted; no timezone found
2026-04-15 23:03:50,094 [WARNING] BAC: insufficient data (0 rows), skipping
2026-04-15 23:04:00,100 [ERROR] Failed to get ticker 'CVX' reason: Failed to perform, curl: (28) Connection timed out after 10001 milliseconds. See https://curl.se/libcurl/c/libcurl-errors.html first for more details.
2026-04-15 23:04:00,100 [ERROR] $CVX: possibly delisted; no timezone found
2026-04-15 23:04:00,104 [ERROR] 
1 Failed download:
2026-04-15 23:04:00,104 [ERROR] ['CVX']: possibly delisted; no timezone found
2026-04-15 23:04:00,105 [WARNING] CVX: insufficient data (0 rows), skipping
2026-04-15 23:04:05,523 [ERROR] Failed to get ticker 'KO' reason: Failed to perform, curl: (7) Failed to connect to query2.finance.yahoo.com port 443 after 5416 ms: Could not connect to server. See https://curl.se/libcurl/c/libcurl-errors.html first for more details.
2026-04-15 23:04:05,525 [ERROR] $KO: possibly delisted; no timezone found
2026-04-15 23:04:05,534 [ERROR] 
1 Failed download:
2026-04-15 23:04:05,534 [ERROR] ['KO']: possibly delisted; no timezone found
2026-04-15 23:04:05,538 [WARNING] KO: insufficient data (0 rows), skipping
2026-04-15 23:04:15,542 [ERROR] Failed to get ticker 'AMD' reason: Failed to perform, curl: (28) Connection timed out after 10002 milliseconds. See https://curl.se/libcurl/c/libcurl-errors.html first for more details.
2026-04-15 23:04:15,544 [ERROR] $AMD: possibly delisted; no timezone found
2026-04-15 23:04:15,546 [ERROR] 
1 Failed download:
2026-04-15 23:04:15,547 [ERROR] ['AMD']: possibly delisted; no timezone found
2026-04-15 23:04:15,549 [WARNING] AMD: insufficient data (0 rows), skipping
2026-04-15 23:04:25,554 [ERROR] Failed to get ticker 'PEP' reason: Failed to perform, curl: (28) Connection timed out after 10002 milliseconds. See https://curl.se/libcurl/c/libcurl-errors.html first for more details.
2026-04-15 23:04:25,556 [ERROR] $PEP: possibly delisted; no timezone found
2026-04-15 23:04:25,567 [ERROR] 
1 Failed download:
2026-04-15 23:04:25,567 [ERROR] ['PEP']: possibly delisted; no timezone found
2026-04-15 23:04:25,572 [WARNING] PEP: insufficient data (0 rows), skipping
2026-04-15 23:05:30,929 [INFO] ======================================================================
2026-04-15 23:05:30,929 [INFO] MASTER THESIS PIPELINE - Causal XAI for Investment Decisions
2026-04-15 23:05:30,929 [INFO] DAX 40 | Daily | 3-month train / 1-month test | Buy/Hold/Sell
2026-04-15 23:05:30,929 [INFO] ======================================================================
2026-04-15 23:05:35,551 [INFO] 
============================================================
2026-04-15 23:05:35,551 [INFO] >>> STEP 1: Data Download
2026-04-15 23:05:35,551 [INFO] ============================================================
2026-04-15 23:05:36,233 [INFO] ============================================================
2026-04-15 23:05:36,233 [INFO] STEP 1: DATA DOWNLOAD (DAX 40 + S&P 500 Top 50)
2026-04-15 23:05:36,233 [INFO] ============================================================
2026-04-15 23:06:07,182 [ERROR] 
1 Failed download:
2026-04-15 23:06:07,182 [ERROR] ['ADS.DE']: TypeError("'NoneType' object is not subscriptable")
2026-04-15 23:06:07,192 [WARNING] ADS.DE: insufficient data (0 rows), skipping
2026-04-15 23:06:26,259 [INFO] AIR.DE: 198 rows downloaded
2026-04-15 23:06:32,323 [INFO] ALV.DE: 198 rows downloaded
2026-04-15 23:06:37,460 [INFO] BAS.DE: 198 rows downloaded
2026-04-15 23:06:47,976 [ERROR] 
1 Failed download:
2026-04-15 23:06:47,976 [ERROR] ['BAYN.DE']: TypeError("'NoneType' object is not subscriptable")
2026-04-15 23:06:47,981 [WARNING] BAYN.DE: insufficient data (0 rows), skipping
2026-04-15 23:06:49,260 [INFO] BEI.DE: 198 rows downloaded
2026-04-15 23:06:55,279 [INFO] BMW.DE: 198 rows downloaded
2026-04-15 23:06:57,832 [INFO] BNR.DE: 198 rows downloaded
2026-04-15 23:07:04,241 [INFO] CON.DE: 198 rows downloaded
2026-04-15 23:07:08,451 [ERROR] $1COV.DE: possibly delisted; no price data found  (1d 2025-07-01 -> 2026-04-14)
2026-04-15 23:07:08,459 [ERROR] 
1 Failed download:
2026-04-15 23:07:08,459 [ERROR] ['1COV.DE']: possibly delisted; no price data found  (1d 2025-07-01 -> 2026-04-14)
2026-04-15 23:07:08,463 [WARNING] 1COV.DE: insufficient data (0 rows), skipping
2026-04-15 23:07:08,464 [INFO]   [10/90] pausing 3s to avoid rate limit...
2026-04-15 23:07:19,227 [INFO] DB1.DE: 198 rows downloaded
2026-04-15 23:07:24,694 [INFO] DBK.DE: 198 rows downloaded
2026-04-15 23:07:34,291 [INFO] DHL.DE: 198 rows downloaded
2026-04-15 23:07:40,023 [INFO] DTE.DE: 198 rows downloaded
2026-04-15 23:07:48,425 [INFO] EOAN.DE: 198 rows downloaded
2026-04-15 23:07:54,143 [INFO] FRE.DE: 198 rows downloaded
2026-04-15 23:07:55,247 [INFO] HEI.DE: 198 rows downloaded
2026-04-15 23:07:56,380 [INFO] HEN3.DE: 198 rows downloaded
2026-04-15 23:07:57,498 [INFO] IFX.DE: 198 rows downloaded
2026-04-15 23:07:58,660 [INFO] LIN.DE: 198 rows downloaded
2026-04-15 23:07:58,660 [INFO]   [20/90] pausing 3s to avoid rate limit...
2026-04-15 23:08:03,508 [INFO] MBG.DE: 198 rows downloaded
2026-04-15 23:08:04,693 [INFO] MRK.DE: 198 rows downloaded
2026-04-15 23:08:05,882 [INFO] MTX.DE: 198 rows downloaded
2026-04-15 23:08:07,041 [INFO] MUV2.DE: 198 rows downloaded
2026-04-15 23:08:14,939 [INFO] P911.DE: 198 rows downloaded
2026-04-15 23:08:16,075 [INFO] PAH3.DE: 198 rows downloaded
2026-04-15 23:08:17,122 [ERROR] $QGEN.DE: possibly delisted; no price data found  (1d 2025-07-01 -> 2026-04-14)
2026-04-15 23:08:17,126 [ERROR] 
1 Failed download:
2026-04-15 23:08:17,126 [ERROR] ['QGEN.DE']: possibly delisted; no price data found  (1d 2025-07-01 -> 2026-04-14)
2026-04-15 23:08:17,130 [WARNING] QGEN.DE: insufficient data (0 rows), skipping
2026-04-15 23:08:18,294 [INFO] RWE.DE: 198 rows downloaded
2026-04-15 23:08:19,430 [INFO] SAP.DE: 198 rows downloaded
2026-04-15 23:08:22,605 [INFO] SHL.DE: 198 rows downloaded
2026-04-15 23:08:22,605 [INFO]   [30/90] pausing 3s to avoid rate limit...
2026-04-15 23:08:26,210 [INFO] SIE.DE: 198 rows downloaded
2026-04-15 23:08:27,392 [INFO] SRT.DE: 198 rows downloaded
2026-04-15 23:08:28,527 [INFO] SY1.DE: 198 rows downloaded
2026-04-15 23:08:29,612 [INFO] VNA.DE: 198 rows downloaded
2026-04-15 23:08:30,766 [INFO] VOW3.DE: 198 rows downloaded
2026-04-15 23:08:33,073 [INFO] ZAL.DE: 198 rows downloaded
2026-04-15 23:08:34,211 [INFO] RHM.DE: 198 rows downloaded
2026-04-15 23:08:35,488 [INFO] ENR.DE: 198 rows downloaded
2026-04-15 23:08:40,040 [INFO] DTG.DE: 198 rows downloaded
2026-04-15 23:08:41,210 [INFO] HNR1.DE: 198 rows downloaded
2026-04-15 23:08:41,210 [INFO]   [40/90] pausing 3s to avoid rate limit...
2026-04-15 23:08:44,877 [INFO] AAPL: 197 rows downloaded
2026-04-15 23:08:45,998 [INFO] MSFT: 197 rows downloaded
2026-04-15 23:08:47,074 [INFO] AMZN: 197 rows downloaded
2026-04-15 23:08:48,210 [INFO] NVDA: 197 rows downloaded
2026-04-15 23:08:51,306 [INFO] GOOGL: 197 rows downloaded
2026-04-15 23:08:52,436 [INFO] META: 197 rows downloaded
2026-04-15 23:08:53,612 [INFO] BRK-B: 197 rows downloaded
2026-04-15 23:08:55,857 [INFO] LLY: 197 rows downloaded
2026-04-15 23:08:59,502 [INFO] AVGO: 197 rows downloaded
2026-04-15 23:09:00,617 [INFO] JPM: 197 rows downloaded
2026-04-15 23:09:00,617 [INFO]   [50/90] pausing 3s to avoid rate limit...
2026-04-15 23:09:04,348 [INFO] TSLA: 197 rows downloaded
2026-04-15 23:09:05,485 [INFO] UNH: 197 rows downloaded
2026-04-15 23:09:07,187 [INFO] XOM: 197 rows downloaded
2026-04-15 23:09:09,112 [INFO] V: 197 rows downloaded
2026-04-15 23:09:10,555 [INFO] PG: 197 rows downloaded
2026-04-15 23:09:11,658 [INFO] MA: 197 rows downloaded
2026-04-15 23:09:12,822 [INFO] JNJ: 197 rows downloaded
2026-04-15 23:09:14,257 [INFO] COST: 197 rows downloaded
2026-04-15 23:09:15,640 [INFO] HD: 197 rows downloaded
2026-04-15 23:09:17,217 [INFO] MRK: 197 rows downloaded
2026-04-15 23:09:17,217 [INFO]   [60/90] pausing 3s to avoid rate limit...
2026-04-15 23:09:21,062 [INFO] ABBV: 197 rows downloaded
2026-04-15 23:09:25,292 [INFO] WMT: 197 rows downloaded
2026-04-15 23:09:26,931 [INFO] NFLX: 197 rows downloaded
2026-04-15 23:09:28,275 [INFO] CRM: 197 rows downloaded
2026-04-15 23:09:29,751 [INFO] BAC: 197 rows downloaded
2026-04-15 23:09:31,212 [INFO] CVX: 197 rows downloaded
2026-04-15 23:09:32,979 [INFO] KO: 197 rows downloaded
2026-04-15 23:09:35,462 [INFO] AMD: 197 rows downloaded
2026-04-15 23:09:37,471 [INFO] PEP: 197 rows downloaded
2026-04-15 23:09:38,925 [INFO] TMO: 197 rows downloaded
2026-04-15 23:09:38,925 [INFO]   [70/90] pausing 3s to avoid rate limit...
2026-04-15 23:09:42,989 [INFO] LIN: 197 rows downloaded
2026-04-15 23:09:44,465 [INFO] ORCL: 197 rows downloaded
2026-04-15 23:09:46,497 [INFO] ACN: 197 rows downloaded
2026-04-15 23:09:47,998 [INFO] MCD: 197 rows downloaded
2026-04-15 23:09:51,603 [INFO] CSCO: 197 rows downloaded
2026-04-15 23:09:53,009 [INFO] ADBE: 197 rows downloaded
2026-04-15 23:09:54,413 [INFO] ABT: 197 rows downloaded
2026-04-15 23:09:55,906 [INFO] WFC: 197 rows downloaded
2026-04-15 23:09:57,459 [INFO] IBM: 197 rows downloaded
2026-04-15 23:09:59,097 [INFO] GE: 197 rows downloaded
2026-04-15 23:09:59,097 [INFO]   [80/90] pausing 3s to avoid rate limit...
2026-04-15 23:10:12,112 [ERROR] Failed to get ticker 'PM' reason: Failed to perform, curl: (28) Connection timed out after 10002 milliseconds. See https://curl.se/libcurl/c/libcurl-errors.html first for more details.
2026-04-16 20:16:28,992 [INFO] ======================================================================
2026-04-16 20:16:28,992 [INFO] MASTER THESIS PIPELINE - Causal XAI for Investment Decisions
2026-04-16 20:16:28,992 [INFO] DAX 40 | Daily | 3-month train / 1-month test | Buy/Hold/Sell
2026-04-16 20:16:28,992 [INFO] ======================================================================
2026-04-16 20:16:41,139 [INFO] ======================================================================
2026-04-16 20:16:41,139 [INFO] MASTER THESIS PIPELINE - Causal XAI for Investment Decisions
2026-04-16 20:16:41,139 [INFO] DAX 40 | Daily | 3-month train / 1-month test | Buy/Hold/Sell
2026-04-16 20:16:41,139 [INFO] ======================================================================
2026-04-16 20:16:44,592 [INFO] 
============================================================
2026-04-16 20:16:44,592 [INFO] >>> STEP 1: Data Download
2026-04-16 20:16:44,592 [INFO] ============================================================
2026-04-16 20:16:45,219 [INFO] ============================================================
2026-04-16 20:16:45,219 [INFO] STEP 1: DATA DOWNLOAD (DAX 40 + S&P 500 Top 50)
2026-04-16 20:16:45,219 [INFO] ============================================================
2026-04-16 20:16:47,994 [INFO] ADS.DE: 198 rows downloaded
2026-04-16 20:16:49,381 [INFO] AIR.DE: 198 rows downloaded
2026-04-16 20:16:50,810 [INFO] ALV.DE: 198 rows downloaded
2026-04-16 20:16:52,130 [INFO] BAS.DE: 198 rows downloaded
2026-04-16 20:16:53,458 [INFO] BAYN.DE: 198 rows downloaded
2026-04-16 20:16:54,850 [INFO] BEI.DE: 198 rows downloaded
2026-04-16 20:16:56,220 [INFO] BMW.DE: 198 rows downloaded
2026-04-16 20:16:57,538 [INFO] BNR.DE: 198 rows downloaded
2026-04-16 20:16:58,883 [INFO] CON.DE: 198 rows downloaded
2026-04-16 20:17:00,134 [ERROR] $1COV.DE: possibly delisted; no price data found  (1d 2025-07-01 -> 2026-04-14)
2026-04-16 20:17:00,137 [ERROR] 
1 Failed download:
2026-04-16 20:17:00,137 [ERROR] ['1COV.DE']: possibly delisted; no price data found  (1d 2025-07-01 -> 2026-04-14)
2026-04-16 20:17:00,138 [WARNING] 1COV.DE: insufficient data (0 rows), skipping
2026-04-16 20:17:00,138 [INFO]   [10/90] pausing 3s to avoid rate limit...
2026-04-16 20:17:04,405 [INFO] DB1.DE: 198 rows downloaded
2026-04-16 20:17:05,712 [INFO] DBK.DE: 198 rows downloaded
2026-04-16 20:17:07,013 [INFO] DHL.DE: 198 rows downloaded
2026-04-16 20:17:08,558 [INFO] DTE.DE: 198 rows downloaded
2026-04-16 20:17:09,897 [INFO] EOAN.DE: 198 rows downloaded
2026-04-16 20:17:11,231 [INFO] FRE.DE: 198 rows downloaded
2026-04-16 20:17:12,603 [INFO] HEI.DE: 198 rows downloaded
2026-04-16 20:17:13,937 [INFO] HEN3.DE: 198 rows downloaded
2026-04-16 20:17:15,465 [INFO] IFX.DE: 198 rows downloaded
2026-04-16 20:17:16,787 [INFO] LIN.DE: 198 rows downloaded
2026-04-16 20:17:16,787 [INFO]   [20/90] pausing 3s to avoid rate limit...
2026-04-16 20:17:20,615 [INFO] MBG.DE: 198 rows downloaded
2026-04-16 20:17:21,930 [INFO] MRK.DE: 198 rows downloaded
2026-04-16 20:17:23,225 [INFO] MTX.DE: 198 rows downloaded
2026-04-16 20:17:24,575 [INFO] MUV2.DE: 198 rows downloaded
2026-04-16 20:17:25,884 [INFO] P911.DE: 198 rows downloaded
2026-04-16 20:17:27,215 [INFO] PAH3.DE: 198 rows downloaded
2026-04-16 20:17:28,754 [ERROR] $QGEN.DE: possibly delisted; no price data found  (1d 2025-07-01 -> 2026-04-14)
2026-04-16 20:17:28,760 [ERROR] 
1 Failed download:
2026-04-16 20:17:28,760 [ERROR] ['QGEN.DE']: possibly delisted; no price data found  (1d 2025-07-01 -> 2026-04-14)
2026-04-16 20:17:28,765 [WARNING] QGEN.DE: insufficient data (0 rows), skipping
2026-04-16 20:17:30,103 [INFO] RWE.DE: 198 rows downloaded
2026-04-16 20:17:31,567 [INFO] SAP.DE: 198 rows downloaded
2026-04-16 20:17:32,982 [INFO] SHL.DE: 198 rows downloaded
2026-04-16 20:17:32,982 [INFO]   [30/90] pausing 3s to avoid rate limit...
2026-04-16 20:17:36,879 [INFO] SIE.DE: 198 rows downloaded
2026-04-16 20:17:38,209 [INFO] SRT.DE: 198 rows downloaded
2026-04-16 20:17:39,540 [INFO] SY1.DE: 198 rows downloaded
2026-04-16 20:17:40,917 [INFO] VNA.DE: 198 rows downloaded
2026-04-16 20:17:42,492 [INFO] VOW3.DE: 198 rows downloaded
2026-04-16 20:17:43,815 [INFO] ZAL.DE: 198 rows downloaded
2026-04-16 20:17:45,136 [INFO] RHM.DE: 198 rows downloaded
2026-04-16 20:17:46,623 [INFO] ENR.DE: 198 rows downloaded
2026-04-16 20:17:48,015 [INFO] DTG.DE: 198 rows downloaded
2026-04-16 20:17:49,590 [INFO] HNR1.DE: 198 rows downloaded
2026-04-16 20:17:49,590 [INFO]   [40/90] pausing 3s to avoid rate limit...
2026-04-16 20:17:53,456 [INFO] AAPL: 197 rows downloaded
2026-04-16 20:17:54,884 [INFO] MSFT: 197 rows downloaded
2026-04-16 20:17:56,261 [INFO] AMZN: 197 rows downloaded
2026-04-16 20:17:57,664 [INFO] NVDA: 197 rows downloaded
2026-04-16 20:17:59,074 [INFO] GOOGL: 197 rows downloaded
2026-04-16 20:18:00,531 [INFO] META: 197 rows downloaded
2026-04-16 20:18:01,919 [INFO] BRK-B: 197 rows downloaded
2026-04-16 20:18:03,413 [INFO] LLY: 197 rows downloaded
2026-04-16 20:18:04,776 [INFO] AVGO: 197 rows downloaded
2026-04-16 20:18:06,117 [INFO] JPM: 197 rows downloaded
2026-04-16 20:18:06,117 [INFO]   [50/90] pausing 3s to avoid rate limit...
2026-04-16 20:18:09,901 [INFO] TSLA: 197 rows downloaded
2026-04-16 20:18:11,304 [INFO] UNH: 197 rows downloaded
2026-04-16 20:18:12,690 [INFO] XOM: 197 rows downloaded
2026-04-16 20:18:14,169 [INFO] V: 197 rows downloaded
2026-04-16 20:18:15,544 [INFO] PG: 197 rows downloaded
2026-04-16 20:18:16,885 [INFO] MA: 197 rows downloaded
2026-04-16 20:18:18,273 [INFO] JNJ: 197 rows downloaded
2026-04-16 20:18:19,678 [INFO] COST: 197 rows downloaded
2026-04-16 20:18:21,042 [INFO] HD: 197 rows downloaded
2026-04-16 20:18:22,538 [INFO] MRK: 197 rows downloaded
2026-04-16 20:18:22,538 [INFO]   [60/90] pausing 3s to avoid rate limit...
2026-04-16 20:18:26,358 [INFO] ABBV: 197 rows downloaded
2026-04-16 20:18:27,785 [INFO] WMT: 197 rows downloaded
2026-04-16 20:18:29,557 [INFO] NFLX: 197 rows downloaded
2026-04-16 20:18:30,908 [INFO] CRM: 197 rows downloaded
2026-04-16 20:18:32,257 [INFO] BAC: 197 rows downloaded
2026-04-16 20:18:33,840 [INFO] CVX: 197 rows downloaded
2026-04-16 20:18:35,190 [INFO] KO: 197 rows downloaded
2026-04-16 20:18:36,506 [INFO] AMD: 197 rows downloaded
2026-04-16 20:18:37,901 [INFO] PEP: 197 rows downloaded
2026-04-16 20:18:39,288 [INFO] TMO: 197 rows downloaded
2026-04-16 20:18:39,288 [INFO]   [70/90] pausing 3s to avoid rate limit...
2026-04-16 20:18:43,100 [INFO] LIN: 197 rows downloaded
2026-04-16 20:18:44,519 [INFO] ORCL: 197 rows downloaded
2026-04-16 20:18:45,896 [INFO] ACN: 197 rows downloaded
2026-04-16 20:18:47,267 [INFO] MCD: 197 rows downloaded
2026-04-16 20:18:48,673 [INFO] CSCO: 197 rows downloaded
2026-04-16 20:18:50,036 [INFO] ADBE: 197 rows downloaded
2026-04-16 20:18:51,670 [INFO] ABT: 197 rows downloaded
2026-04-16 20:18:53,109 [INFO] WFC: 197 rows downloaded
2026-04-16 20:18:54,487 [INFO] IBM: 197 rows downloaded
2026-04-16 20:18:56,063 [INFO] GE: 197 rows downloaded
2026-04-16 20:18:56,063 [INFO]   [80/90] pausing 3s to avoid rate limit...
2026-04-16 20:19:00,307 [INFO] PM: 197 rows downloaded
2026-04-16 20:19:01,987 [INFO] NOW: 197 rows downloaded
2026-04-16 20:19:03,739 [INFO] TXN: 197 rows downloaded
2026-04-16 20:19:05,370 [INFO] QCOM: 197 rows downloaded
2026-04-16 20:19:07,219 [INFO] MS: 197 rows downloaded
2026-04-16 20:19:09,009 [INFO] CAT: 197 rows downloaded
2026-04-16 20:19:10,642 [INFO] INTU: 197 rows downloaded
2026-04-16 20:19:12,722 [INFO] GS: 197 rows downloaded
2026-04-16 20:19:14,524 [INFO] DHR: 197 rows downloaded
2026-04-16 20:19:16,243 [INFO] AMGN: 197 rows downloaded
2026-04-16 20:19:16,243 [INFO] Retrying 2 failed tickers after 10s cooldown...
2026-04-16 20:19:27,006 [ERROR] $1COV.DE: possibly delisted; no price data found  (1d 2025-07-01 -> 2026-04-14)
2026-04-16 20:19:27,017 [ERROR] 
1 Failed download:
2026-04-16 20:19:27,017 [ERROR] ['1COV.DE']: possibly delisted; no price data found  (1d 2025-07-01 -> 2026-04-14)
2026-04-16 20:19:29,891 [ERROR] $QGEN.DE: possibly delisted; no price data found  (1d 2025-07-01 -> 2026-04-14)
2026-04-16 20:19:29,892 [ERROR] 
1 Failed download:
2026-04-16 20:19:29,893 [ERROR] ['QGEN.DE']: possibly delisted; no price data found  (1d 2025-07-01 -> 2026-04-14)
2026-04-16 20:19:29,896 [INFO] Stock download complete: 88/90 succeeded, 2 failed
2026-04-16 20:19:29,896 [INFO]   DAX 40: 38/40
2026-04-16 20:19:29,896 [INFO]   S&P 500: 50/50
2026-04-16 20:19:30,767 [INFO] VIX: 197 rows
2026-04-16 20:19:31,618 [INFO] EUR/USD: 203 rows
2026-04-16 20:19:31,621 [INFO] Macro data saved: 197 rows, columns=['vix', 'eur_usd']
2026-04-16 20:19:31,621 [INFO] <<< Step 1 completed in 167.0s
2026-04-16 20:19:31,622 [INFO] 
============================================================
2026-04-16 20:19:31,622 [INFO] >>> STEP 2: Feature Engineering
2026-04-16 20:19:31,622 [INFO] ============================================================
2026-04-16 20:19:31,631 [INFO] ============================================================
2026-04-16 20:19:31,631 [INFO] STEP 2: FEATURE ENGINEERING
2026-04-16 20:19:31,631 [INFO] ============================================================
2026-04-16 20:19:31,638 [INFO] ADS.DE: 198 feature rows
2026-04-16 20:19:31,643 [INFO] AIR.DE: 198 feature rows
2026-04-16 20:19:31,648 [INFO] ALV.DE: 198 feature rows
2026-04-16 20:19:31,652 [INFO] BAS.DE: 198 feature rows
2026-04-16 20:19:31,655 [INFO] BAYN.DE: 198 feature rows
2026-04-16 20:19:31,659 [INFO] BEI.DE: 198 feature rows
2026-04-16 20:19:31,663 [INFO] BMW.DE: 198 feature rows
2026-04-16 20:19:31,667 [INFO] BNR.DE: 198 feature rows
2026-04-16 20:19:31,672 [INFO] CON.DE: 198 feature rows
2026-04-16 20:19:31,676 [INFO] DB1.DE: 198 feature rows
2026-04-16 20:19:31,684 [INFO] DBK.DE: 198 feature rows
2026-04-16 20:19:31,687 [INFO] DHL.DE: 198 feature rows
2026-04-16 20:19:31,691 [INFO] DTE.DE: 198 feature rows
2026-04-16 20:19:31,694 [INFO] EOAN.DE: 198 feature rows
2026-04-16 20:19:31,697 [INFO] FRE.DE: 198 feature rows
2026-04-16 20:19:31,700 [INFO] HEI.DE: 198 feature rows
2026-04-16 20:19:31,704 [INFO] HEN3.DE: 198 feature rows
2026-04-16 20:19:31,707 [INFO] IFX.DE: 198 feature rows
2026-04-16 20:19:31,710 [INFO] LIN.DE: 198 feature rows
2026-04-16 20:19:31,713 [INFO] MBG.DE: 198 feature rows
2026-04-16 20:19:31,715 [INFO] MRK.DE: 198 feature rows
2026-04-16 20:19:31,719 [INFO] MTX.DE: 198 feature rows
2026-04-16 20:19:31,722 [INFO] MUV2.DE: 198 feature rows
2026-04-16 20:19:31,724 [INFO] P911.DE: 198 feature rows
2026-04-16 20:19:31,727 [INFO] PAH3.DE: 198 feature rows
2026-04-16 20:19:31,730 [INFO] RWE.DE: 198 feature rows
2026-04-16 20:19:31,733 [INFO] SAP.DE: 198 feature rows
2026-04-16 20:19:31,737 [INFO] SHL.DE: 198 feature rows
2026-04-16 20:19:31,740 [INFO] SIE.DE: 198 feature rows
2026-04-16 20:19:31,743 [INFO] SRT.DE: 198 feature rows
2026-04-16 20:19:31,746 [INFO] SY1.DE: 198 feature rows
2026-04-16 20:19:31,749 [INFO] VNA.DE: 198 feature rows
2026-04-16 20:19:31,752 [INFO] VOW3.DE: 198 feature rows
2026-04-16 20:19:31,755 [INFO] ZAL.DE: 198 feature rows
2026-04-16 20:19:31,759 [INFO] RHM.DE: 198 feature rows
2026-04-16 20:19:31,762 [INFO] ENR.DE: 198 feature rows
2026-04-16 20:19:31,765 [INFO] DTG.DE: 198 feature rows
2026-04-16 20:19:31,768 [INFO] HNR1.DE: 198 feature rows
2026-04-16 20:19:31,771 [INFO] AAPL: 197 feature rows
2026-04-16 20:19:31,774 [INFO] MSFT: 197 feature rows
2026-04-16 20:19:31,777 [INFO] AMZN: 197 feature rows
2026-04-16 20:19:31,780 [INFO] NVDA: 197 feature rows
2026-04-16 20:19:31,782 [INFO] GOOGL: 197 feature rows
2026-04-16 20:19:31,785 [INFO] META: 197 feature rows
2026-04-16 20:19:31,788 [INFO] BRK-B: 197 feature rows
2026-04-16 20:19:31,791 [INFO] LLY: 197 feature rows
2026-04-16 20:19:31,794 [INFO] AVGO: 197 feature rows
2026-04-16 20:19:31,797 [INFO] JPM: 197 feature rows
2026-04-16 20:19:31,800 [INFO] TSLA: 197 feature rows
2026-04-16 20:19:31,803 [INFO] UNH: 197 feature rows
2026-04-16 20:19:31,806 [INFO] XOM: 197 feature rows
2026-04-16 20:19:31,809 [INFO] V: 197 feature rows
2026-04-16 20:19:31,812 [INFO] PG: 197 feature rows
2026-04-16 20:19:31,815 [INFO] MA: 197 feature rows
2026-04-16 20:19:31,818 [INFO] JNJ: 197 feature rows
2026-04-16 20:19:31,821 [INFO] COST: 197 feature rows
2026-04-16 20:19:31,824 [INFO] HD: 197 feature rows
2026-04-16 20:19:31,827 [INFO] MRK: 197 feature rows
2026-04-16 20:19:31,829 [INFO] ABBV: 197 feature rows
2026-04-16 20:19:31,832 [INFO] WMT: 197 feature rows
2026-04-16 20:19:31,835 [INFO] NFLX: 197 feature rows
2026-04-16 20:19:31,838 [INFO] CRM: 197 feature rows
2026-04-16 20:19:31,841 [INFO] BAC: 197 feature rows
2026-04-16 20:19:31,844 [INFO] CVX: 197 feature rows
2026-04-16 20:19:31,847 [INFO] KO: 197 feature rows
2026-04-16 20:19:31,850 [INFO] AMD: 197 feature rows
2026-04-16 20:19:31,853 [INFO] PEP: 197 feature rows
2026-04-16 20:19:31,855 [INFO] TMO: 197 feature rows
2026-04-16 20:19:31,858 [INFO] LIN: 197 feature rows
2026-04-16 20:19:31,861 [INFO] ORCL: 197 feature rows
2026-04-16 20:19:31,864 [INFO] ACN: 197 feature rows
2026-04-16 20:19:31,867 [INFO] MCD: 197 feature rows
2026-04-16 20:19:31,869 [INFO] CSCO: 197 feature rows
2026-04-16 20:19:31,872 [INFO] ADBE: 197 feature rows
2026-04-16 20:19:31,875 [INFO] ABT: 197 feature rows
2026-04-16 20:19:31,878 [INFO] WFC: 197 feature rows
2026-04-16 20:19:31,881 [INFO] IBM: 197 feature rows
2026-04-16 20:19:31,884 [INFO] GE: 197 feature rows
2026-04-16 20:19:31,887 [INFO] PM: 197 feature rows
2026-04-16 20:19:31,889 [INFO] NOW: 197 feature rows
2026-04-16 20:19:31,892 [INFO] TXN: 197 feature rows
2026-04-16 20:19:31,895 [INFO] QCOM: 197 feature rows
2026-04-16 20:19:31,898 [INFO] MS: 197 feature rows
2026-04-16 20:19:31,900 [INFO] CAT: 197 feature rows
2026-04-16 20:19:31,904 [INFO] INTU: 197 feature rows
2026-04-16 20:19:31,906 [INFO] GS: 197 feature rows
2026-04-16 20:19:31,909 [INFO] DHR: 197 feature rows
2026-04-16 20:19:31,912 [INFO] AMGN: 197 feature rows
2026-04-16 20:19:31,912 [INFO] Feature engineering complete: 88 tickers
2026-04-16 20:19:31,912 [INFO] <<< Step 2 completed in 0.3s
2026-04-16 20:19:31,912 [INFO] 
============================================================
2026-04-16 20:19:31,912 [INFO] >>> STEP 3: Labeling
2026-04-16 20:19:31,912 [INFO] ============================================================
2026-04-16 20:19:31,914 [INFO] ============================================================
2026-04-16 20:19:31,914 [INFO] STEP 3: LABELING
2026-04-16 20:19:31,914 [INFO] ============================================================
2026-04-16 20:19:31,968 [INFO] Label thresholds: sell < -0.0202 < hold < 0.0223 < buy
2026-04-16 20:19:31,972 [INFO] Class distribution:
2026-04-16 20:19:31,972 [INFO]   Sell: 4517 (26.7%)
2026-04-16 20:19:31,972 [INFO]   Hold: 7924 (46.8%)
2026-04-16 20:19:31,972 [INFO]   Buy: 4493 (26.5%)
2026-04-16 20:19:32,041 [INFO] Labeled dataset: 16934 rows, 88 tickers
2026-04-16 20:19:32,041 [INFO] <<< Step 3 completed in 0.1s
2026-04-16 20:19:32,041 [INFO] 
============================================================
2026-04-16 20:19:32,042 [INFO] >>> STEP 4: Data Preparation
2026-04-16 20:19:32,042 [INFO] ============================================================
2026-04-16 20:19:34,919 [INFO] ============================================================
2026-04-16 20:19:34,919 [INFO] STEP 4: DATA PREPARATION
2026-04-16 20:19:34,919 [INFO] ============================================================
2026-04-16 20:19:34,921 [INFO] Missing values: 0 rows dropped of 16934 total
2026-04-16 20:19:34,921 [INFO] Outlier handling (winsorization at 1st/99th percentile):
2026-04-16 20:19:34,924 [INFO]   volatility: 334 values winsorized
2026-04-16 20:19:34,926 [INFO]   momentum: 340 values winsorized
2026-04-16 20:19:34,927 [INFO]   volume_avg: 340 values winsorized
2026-04-16 20:19:34,929 [INFO]   rsi_14: 340 values winsorized
2026-04-16 20:19:34,930 [INFO]   max_drawdown: 319 values winsorized
2026-04-16 20:19:34,931 [INFO]   vix: 188 values winsorized
2026-04-16 20:19:34,932 [INFO]   eur_usd: 176 values winsorized
2026-04-16 20:19:34,932 [INFO] Stationarity testing (ADF):
2026-04-16 20:19:35,102 [INFO] Stationarity report saved (7 features tested)
2026-04-16 20:19:35,103 [INFO] Multicollinearity check:
2026-04-16 20:19:35,104 [INFO]   No feature pairs with |correlation| > 0.85
2026-04-16 20:19:35,111 [INFO] Temporal split: train=5330 rows [2025-12-01 to 2026-02-28], test=1898 rows [2026-03-05 to 2026-04-08]
2026-04-16 20:19:35,111 [INFO] Buffer gap: 5 trading days between train and test
2026-04-16 20:19:35,125 [INFO] StandardScaler fitted on 7 features, saved to models/scaler.pkl
2026-04-16 20:19:35,155 [INFO] Saved: train.csv (5330 rows), test.csv (1898 rows)
2026-04-16 20:19:35,155 [INFO] <<< Step 4 completed in 3.1s
2026-04-16 20:19:35,155 [INFO] 
============================================================
2026-04-16 20:19:35,155 [INFO] >>> STEP 5: Baseline + SHAP
2026-04-16 20:19:35,155 [INFO] ============================================================
2026-04-16 20:19:37,198 [INFO] ============================================================
2026-04-16 20:19:37,199 [INFO] STEP 5: BASELINE + MAIN MODEL + SHAP
2026-04-16 20:19:37,199 [INFO] ============================================================
2026-04-16 20:19:37,200 [INFO] Training baseline model (Logistic Regression)...
2026-04-16 20:19:37,201 [ERROR] !!! Step 5 FAILED after 2.0s: LogisticRegression.__init__() got an unexpected keyword argument 'multi_class'
2026-04-16 20:19:37,202 [ERROR] Traceback (most recent call last):
  File "/Users/mutharasanelavarasan/Downloads/Master Thesis/src/pipeline.py", line 203, in run_pipeline
    result = mod.run(state["train"], state["test"],
             ^^^^^^^^^^^^^^^^^^^^^^^^^^^^^^^^^^^^^^
  File "/Users/mutharasanelavarasan/Downloads/Master Thesis/src/05_baseline_model.py", line 394, in run
    baseline = train_baseline_logistic(X_train, y_train, X_test, y_test,
               ^^^^^^^^^^^^^^^^^^^^^^^^^^^^^^^^^^^^^^^^^^^^^^^^^^^^^^^^^
  File "/Users/mutharasanelavarasan/Downloads/Master Thesis/src/05_baseline_model.py", line 295, in train_baseline_logistic
    lr = LogisticRegression(C=C, max_iter=1000, multi_class="multinomial",
         ^^^^^^^^^^^^^^^^^^^^^^^^^^^^^^^^^^^^^^^^^^^^^^^^^^^^^^^^^^^^^^^^^
TypeError: LogisticRegression.__init__() got an unexpected keyword argument 'multi_class'

2026-04-16 20:19:37,202 [INFO] Continuing to next step...
2026-04-16 20:19:37,202 [INFO] 
============================================================
2026-04-16 20:19:37,202 [INFO] >>> STEP 6: Causal Discovery
2026-04-16 20:19:37,202 [INFO] ============================================================
2026-04-16 20:19:37,882 [INFO] ============================================================
2026-04-16 20:19:37,882 [INFO] STEP 6: CAUSAL DISCOVERY
2026-04-16 20:19:37,882 [INFO] ============================================================
2026-04-16 20:19:37,882 [INFO] Running DirectLiNGAM with prior (b)...
2026-04-16 20:19:43,008 [INFO] DirectLiNGAM(b): 16 edges discovered
2026-04-16 20:19:43,016 [INFO] Running PC algorithm for cross-check...
2026-04-16 20:19:43,331 [INFO] PC algorithm: 10 edges discovered
2026-04-16 20:19:43,354 [INFO] Edge agreement: 3 agreed, 13 DirectLiNGAM-only, 7 PC-only (rate: 13.04%)
2026-04-16 20:19:43,354 [INFO] Running bootstrap stability analysis (30 runs)...
2026-04-16 20:19:44,934 [INFO] Bootstrap stability (30 runs): 14 stable edges (>=0.7), 20 unstable (<0.5)
2026-04-16 20:19:45,207 [INFO] Causal graph saved: causal_graph_directlingam.png (16 edges)
2026-04-16 20:19:45,208 [INFO] <<< Step 6 completed in 8.0s
2026-04-16 20:19:45,208 [INFO] 
============================================================
2026-04-16 20:19:45,208 [INFO] >>> STEP 7: LEWIS Scores
2026-04-16 20:19:45,208 [INFO] ============================================================
2026-04-16 20:19:45,230 [ERROR] !!! Step 7 FAILED after 0.0s: 'model'
2026-04-16 20:19:45,230 [ERROR] Traceback (most recent call last):
  File "/Users/mutharasanelavarasan/Downloads/Master Thesis/src/pipeline.py", line 224, in run_pipeline
    state["train"], state["test"], state["model"],
                                   ~~~~~^^^^^^^^^
KeyError: 'model'

2026-04-16 20:19:45,230 [INFO] Continuing to next step...
2026-04-16 20:19:45,230 [INFO] 
============================================================
2026-04-16 20:19:45,230 [INFO] >>> STEP 8: Evaluation
2026-04-16 20:19:45,230 [INFO] ============================================================
2026-04-16 20:19:45,238 [ERROR] !!! Step 8 FAILED after 0.0s: 'y_test'
2026-04-16 20:19:45,238 [ERROR] Traceback (most recent call last):
  File "/Users/mutharasanelavarasan/Downloads/Master Thesis/src/pipeline.py", line 236, in run_pipeline
    state["y_test"], state["y_pred"], y_prob,
    ~~~~~^^^^^^^^^^
KeyError: 'y_test'

2026-04-16 20:19:45,238 [INFO] Continuing to next step...
2026-04-16 20:19:45,238 [INFO] 
============================================================
2026-04-16 20:19:45,238 [INFO] >>> STEP 9: Comparison
2026-04-16 20:19:45,238 [INFO] ============================================================
2026-04-16 20:19:45,241 [ERROR] !!! Step 9 FAILED after 0.0s: 'shap_importance'
2026-04-16 20:19:45,242 [ERROR] Traceback (most recent call last):
  File "/Users/mutharasanelavarasan/Downloads/Master Thesis/src/pipeline.py", line 243, in run_pipeline
    state["shap_importance"], state["lewis_causal"],
    ~~~~~^^^^^^^^^^^^^^^^^^^
KeyError: 'shap_importance'

2026-04-16 20:19:45,242 [INFO] Continuing to next step...
2026-04-16 20:19:45,242 [INFO] 
============================================================
2026-04-16 20:19:45,242 [INFO] >>> STEP 10: Governance Report
2026-04-16 20:19:45,242 [INFO] ============================================================
2026-04-16 20:19:45,246 [INFO] ============================================================
2026-04-16 20:19:45,246 [INFO] STEP 10: GOVERNANCE FRAMEWORK
2026-04-16 20:19:45,246 [INFO] ============================================================
2026-04-16 20:19:45,263 [INFO] Compliance report saved to results/reports/ (JSON + Markdown)
2026-04-16 20:19:45,263 [INFO] <<< Step 10 completed in 0.0s
2026-04-16 20:19:45,263 [INFO] 
======================================================================
2026-04-16 20:19:45,263 [INFO] PIPELINE COMPLETE - Total time: 184.1s (3.1 min)
2026-04-16 20:19:45,263 [INFO] ======================================================================
2026-04-16 20:21:39,151 [INFO] ======================================================================
2026-04-16 20:21:39,151 [INFO] MASTER THESIS PIPELINE - Causal XAI for Investment Decisions
2026-04-16 20:21:39,151 [INFO] DAX 40 | Daily | 3-month train / 1-month test | Buy/Hold/Sell
2026-04-16 20:21:39,151 [INFO] ======================================================================
2026-04-16 20:21:39,938 [INFO] Pre-loaded train (5330) and test (1898) from disk
2026-04-16 20:21:39,938 [INFO] 
============================================================
2026-04-16 20:21:39,938 [INFO] >>> STEP 5: Baseline + SHAP
2026-04-16 20:21:39,938 [INFO] ============================================================
2026-04-16 20:21:40,728 [INFO] ============================================================
2026-04-16 20:21:40,728 [INFO] STEP 5: BASELINE + MAIN MODEL + SHAP
2026-04-16 20:21:40,728 [INFO] ============================================================
2026-04-16 20:21:40,731 [INFO] Training baseline model (Logistic Regression)...
2026-04-16 20:21:40,792 [INFO] Baseline LR best C=0.01 (CV accuracy: 0.4426)
2026-04-16 20:21:40,860 [INFO] Confusion matrix saved to results/plots/confusion_matrix_baseline.png
2026-04-16 20:21:40,878 [INFO] Baseline LR — Test accuracy: 0.4162 | Kappa: 0.0413 | MCC: 0.0551
2026-04-16 20:21:40,878 [INFO] CatBoost hyperparameter tuning...
2026-04-16 20:21:40,878 [INFO] Hyperparameter tuning: 108 combinations x 3-fold TimeSeriesSplit
2026-04-16 20:22:20,882 [INFO] Best params: {'iterations': 500, 'learning_rate': 0.1, 'depth': 4, 'l2_leaf_reg': 5, 'bagging_temperature': 0.5} (CV accuracy: 0.4764)
2026-04-16 20:22:20,889 [INFO] Training final CatBoost model...
2026-04-16 20:22:20,977 [INFO] Model saved to models/catboost_best.cbm
2026-04-16 20:22:21,025 [INFO] Confusion matrix saved to results/plots/confusion_matrix.png
2026-04-16 20:22:21,031 [INFO] Test accuracy: 0.4152 | Cohen's Kappa: 0.0421 | MCC: 0.0641
2026-04-16 20:22:21,033 [INFO] Model comparison saved to results/tables/model_comparison.csv
2026-04-16 20:22:21,035 [INFO] 
       Metric  Logistic Regression  CatBoost  Improvement
     Accuracy               0.4162    0.4152      -0.0010
Cohen's Kappa               0.0413    0.0421       0.0008
          MCC               0.0551    0.0641       0.0090
2026-04-16 20:22:21,038 [INFO] Computing SHAP values...
2026-04-16 20:22:23,058 [INFO] SHAP values type=ndarray, shape=(1898, 7, 3)
2026-04-16 20:22:23,159 [INFO] SHAP values computed and plots saved
2026-04-16 20:22:23,159 [INFO] <<< Step 5 completed in 43.2s
2026-04-16 20:22:23,159 [INFO] 
============================================================
2026-04-16 20:22:23,159 [INFO] >>> STEP 6: Causal Discovery
2026-04-16 20:22:23,159 [INFO] ============================================================
2026-04-16 20:22:23,300 [INFO] ============================================================
2026-04-16 20:22:23,300 [INFO] STEP 6: CAUSAL DISCOVERY
2026-04-16 20:22:23,300 [INFO] ============================================================
2026-04-16 20:22:23,300 [INFO] Running DirectLiNGAM with prior (b)...
2026-04-16 20:22:24,021 [INFO] DirectLiNGAM(b): 16 edges discovered
2026-04-16 20:22:24,031 [INFO] Running PC algorithm for cross-check...
2026-04-16 20:22:24,079 [INFO] PC algorithm: 10 edges discovered
2026-04-16 20:22:24,087 [INFO] Edge agreement: 3 agreed, 13 DirectLiNGAM-only, 7 PC-only (rate: 13.04%)
2026-04-16 20:22:24,087 [INFO] Running bootstrap stability analysis (30 runs)...
2026-04-16 20:22:25,763 [INFO] Bootstrap stability (30 runs): 13 stable edges (>=0.7), 21 unstable (<0.5)
2026-04-16 20:22:25,926 [INFO] Causal graph saved: causal_graph_directlingam.png (16 edges)
2026-04-16 20:22:25,927 [INFO] <<< Step 6 completed in 2.8s
2026-04-16 20:22:25,927 [INFO] 
============================================================
2026-04-16 20:22:25,927 [INFO] >>> STEP 7: LEWIS Scores
2026-04-16 20:22:25,927 [INFO] ============================================================
2026-04-16 20:22:25,929 [INFO] ============================================================
2026-04-16 20:22:25,929 [INFO] STEP 7: LEWIS SCORES (MULTI-CLASS EXTENSION)
2026-04-16 20:22:25,929 [INFO] ============================================================
2026-04-16 20:22:25,933 [INFO] Discretizing features into 10 bins...
2026-04-16 20:22:25,934 [INFO] Computing LEWIS scores WITH causal graph...
2026-04-16 22:07:21,167 [INFO] ======================================================================
2026-04-16 22:07:21,167 [INFO] MASTER THESIS PIPELINE - Causal XAI for Investment Decisions
2026-04-16 22:07:21,167 [INFO] DAX 40 | Daily | 3-month train / 1-month test | Buy/Hold/Sell
2026-04-16 22:07:21,167 [INFO] ======================================================================
2026-04-16 22:07:21,994 [INFO] Pre-loaded train (5330) and test (1898) from disk
2026-04-16 22:07:21,994 [INFO] 
============================================================
2026-04-16 22:07:21,994 [INFO] >>> STEP 5: Baseline + SHAP
2026-04-16 22:07:21,994 [INFO] ============================================================
2026-04-16 22:07:22,817 [INFO] ============================================================
2026-04-16 22:07:22,817 [INFO] STEP 5: BASELINE + MAIN MODEL + SHAP
2026-04-16 22:07:22,817 [INFO] ============================================================
2026-04-16 22:07:22,820 [INFO] Training baseline model (Logistic Regression)...
2026-04-16 22:07:22,876 [INFO] Baseline LR best C=0.01 (CV accuracy: 0.4426)
2026-04-16 22:07:22,950 [INFO] Confusion matrix saved to results/plots/confusion_matrix_baseline.png
2026-04-16 22:07:22,954 [INFO] Baseline LR — Test accuracy: 0.4162 | Kappa: 0.0413 | MCC: 0.0551
2026-04-16 22:07:22,954 [INFO] CatBoost hyperparameter tuning...
2026-04-16 22:07:22,955 [INFO] Hyperparameter tuning: 108 combinations x 3-fold TimeSeriesSplit
2026-04-16 22:08:02,672 [INFO] Best params: {'iterations': 500, 'learning_rate': 0.1, 'depth': 4, 'l2_leaf_reg': 5, 'bagging_temperature': 0.5} (CV accuracy: 0.4764)
2026-04-16 22:08:02,676 [INFO] Training final CatBoost model...
2026-04-16 22:08:02,750 [INFO] Model saved to models/catboost_best.cbm
2026-04-16 22:08:02,802 [INFO] Confusion matrix saved to results/plots/confusion_matrix.png
2026-04-16 22:08:02,812 [INFO] Test accuracy: 0.4152 | Cohen's Kappa: 0.0421 | MCC: 0.0641
2026-04-16 22:08:02,813 [INFO] Model comparison saved to results/tables/model_comparison.csv
2026-04-16 22:08:02,815 [INFO] 
       Metric  Logistic Regression  CatBoost  Improvement
     Accuracy               0.4162    0.4152      -0.0010
Cohen's Kappa               0.0413    0.0421       0.0008
          MCC               0.0551    0.0641       0.0090
2026-04-16 22:08:02,821 [INFO] Computing SHAP values...
2026-04-16 22:08:03,410 [INFO] SHAP values type=ndarray, shape=(1898, 7, 3)
2026-04-16 22:08:03,510 [INFO] SHAP values computed and plots saved
2026-04-16 22:08:03,510 [INFO] <<< Step 5 completed in 41.5s
2026-04-16 22:08:03,510 [INFO] 
============================================================
2026-04-16 22:08:03,510 [INFO] >>> STEP 6: Causal Discovery
2026-04-16 22:08:03,510 [INFO] ============================================================
2026-04-16 22:08:03,647 [INFO] ============================================================
2026-04-16 22:08:03,647 [INFO] STEP 6: CAUSAL DISCOVERY
2026-04-16 22:08:03,647 [INFO] ============================================================
2026-04-16 22:08:03,647 [INFO] Running DirectLiNGAM with prior (b)...
2026-04-16 22:08:04,526 [INFO] DirectLiNGAM(b): 16 edges discovered
2026-04-16 22:08:04,535 [INFO] Running PC algorithm for cross-check...
2026-04-16 22:08:04,582 [INFO] PC algorithm: 10 edges discovered
2026-04-16 22:08:04,610 [INFO] Edge agreement: 3 agreed, 13 DirectLiNGAM-only, 7 PC-only (rate: 13.04%)
2026-04-16 22:08:04,610 [INFO] Running bootstrap stability analysis (30 runs)...
2026-04-16 22:08:06,250 [INFO] Bootstrap stability (30 runs): 14 stable edges (>=0.7), 16 unstable (<0.5)
2026-04-16 22:08:06,419 [INFO] Causal graph saved: causal_graph_directlingam.png (16 edges)
2026-04-16 22:08:06,419 [INFO] <<< Step 6 completed in 2.9s
2026-04-16 22:08:06,419 [INFO] 
============================================================
2026-04-16 22:08:06,419 [INFO] >>> STEP 7: LEWIS Scores
2026-04-16 22:08:06,419 [INFO] ============================================================
2026-04-16 22:08:06,421 [INFO] ============================================================
2026-04-16 22:08:06,421 [INFO] STEP 7: LEWIS SCORES (MULTI-CLASS EXTENSION)
2026-04-16 22:08:06,421 [INFO] ============================================================
2026-04-16 22:08:06,424 [INFO] Discretizing features into 10 bins...
2026-04-16 22:08:06,427 [INFO] Computing LEWIS scores WITH causal graph...
2026-04-16 22:09:13,367 [INFO] Causal LEWIS scores:
2026-04-16 22:09:13,367 [INFO]   eur_usd: maxNesuf=0.6455
2026-04-16 22:09:13,367 [INFO]   volatility: maxNesuf=0.6378
2026-04-16 22:09:13,367 [INFO]   momentum: maxNesuf=0.5637
2026-04-16 22:09:13,367 [INFO]   rsi_14: maxNesuf=0.3589
2026-04-16 22:09:13,367 [INFO]   volume_avg: maxNesuf=0.3013
2026-04-16 22:09:13,367 [INFO]   vix: maxNesuf=0.1581
2026-04-16 22:09:13,368 [INFO]   max_drawdown: maxNesuf=0.0198
2026-04-16 22:09:13,368 [INFO] Computing LEWIS scores WITHOUT causal graph (baseline)...
2026-04-16 22:09:13,856 [INFO] Reversal probability plot saved
2026-04-16 22:09:13,864 [INFO] <<< Step 7 completed in 67.4s
2026-04-16 22:09:13,864 [INFO] 
============================================================
2026-04-16 22:09:13,864 [INFO] >>> STEP 8: Evaluation
2026-04-16 22:09:13,864 [INFO] ============================================================
2026-04-16 22:09:13,865 [INFO] ============================================================
2026-04-16 22:09:13,865 [INFO] STEP 8: EVALUATION FRAMEWORK
2026-04-16 22:09:13,865 [INFO] ============================================================
2026-04-16 22:09:13,964 [INFO] AUC-ROC and AUC-PR plots saved
2026-04-16 22:09:13,973 [INFO] ML metrics: accuracy=0.4152, kappa=0.0421, F1_macro=0.2832
2026-04-16 22:09:13,980 [INFO] Counterfactual validity: 5/7 features have feasible counterfactuals
2026-04-16 22:09:13,989 [INFO] DAG evaluation: SPR=0.6429 (p=0.1194), MAE=0.2127
2026-04-16 22:09:13,990 [INFO] <<< Step 8 completed in 0.1s
2026-04-16 22:09:13,990 [INFO] 
============================================================
2026-04-16 22:09:13,990 [INFO] >>> STEP 9: Comparison
2026-04-16 22:09:13,990 [INFO] ============================================================
2026-04-16 22:09:13,990 [INFO] ============================================================
2026-04-16 22:09:13,990 [INFO] STEP 9: SHAP vs LEWIS COMPARISON
2026-04-16 22:09:13,990 [INFO] ============================================================
2026-04-16 22:09:13,998 [INFO] SHAP vs LEWIS Spearman rank correlation: 0.7143 (p=0.0713)
2026-04-16 22:09:14,002 [INFO] Found 2 significant SHAP/LEWIS disagreements
2026-04-16 22:09:14,060 [INFO] SHAP vs LEWIS comparison plot saved
2026-04-16 22:09:14,060 [INFO] <<< Step 9 completed in 0.1s
2026-04-16 22:09:14,060 [INFO] 
============================================================
2026-04-16 22:09:14,060 [INFO] >>> STEP 10: Governance Report
2026-04-16 22:09:14,060 [INFO] ============================================================
2026-04-16 22:09:14,061 [INFO] ============================================================
2026-04-16 22:09:14,061 [INFO] STEP 10: GOVERNANCE FRAMEWORK
2026-04-16 22:09:14,061 [INFO] ============================================================
2026-04-16 22:09:14,080 [INFO] Compliance report saved to results/reports/ (JSON + Markdown)
2026-04-16 22:09:14,080 [INFO] <<< Step 10 completed in 0.0s
2026-04-16 22:09:14,080 [INFO] 
======================================================================
2026-04-16 22:09:14,080 [INFO] PIPELINE COMPLETE - Total time: 112.9s (1.9 min)
2026-04-16 22:09:14,080 [INFO] ======================================================================
